2025-07-03 23:37:30 [[31merror[39m]: MongooseServerSelectionError: connect ECONNREFUSED ::1:27017, connect ECONNREFUSED 127.0.0.1:27017
    at _handleConnectionErrors (C:\Users\GEjr\OneDrive\Desktop\API\node_modules\mongoose\lib\connection.js:816:11)
    at NativeConnection.openUri (C:\Users\GEjr\OneDrive\Desktop\API\node_modules\mongoose\lib\connection.js:791:11)
    at async connectDB (C:\Users\GEjr\OneDrive\Desktop\API\src\config\db.js:6:5)
2025-07-03 23:39:06 [[31merror[39m]: MongooseServerSelectionError: connect ECONNREFUSED ::1:27017, connect ECONNREFUSED 127.0.0.1:27017
    at _handleConnectionErrors (C:\Users\GEjr\OneDrive\Desktop\API\node_modules\mongoose\lib\connection.js:816:11)
    at NativeConnection.openUri (C:\Users\GEjr\OneDrive\Desktop\API\node_modules\mongoose\lib\connection.js:791:11)
    at runNextTicks (node:internal/process/task_queues:65:5)
    at listOnTimeout (node:internal/timers:549:9)
    at process.processTimers (node:internal/timers:523:7)
    at async connectDB (C:\Users\GEjr\OneDrive\Desktop\API\src\config\db.js:6:5)
2025-07-04 14:21:34 [[31merror[39m]: MongooseServerSelectionError: connect ECONNREFUSED ::1:27017, connect ECONNREFUSED 127.0.0.1:27017
    at _handleConnectionErrors (C:\Users\GEjr\OneDrive\Desktop\API\node_modules\mongoose\lib\connection.js:1165:11)
    at NativeConnection.openUri (C:\Users\GEjr\OneDrive\Desktop\API\node_modules\mongoose\lib\connection.js:1096:11)
    at runNextTicks (node:internal/process/task_queues:65:5)
    at listOnTimeout (node:internal/timers:549:9)
    at process.processTimers (node:internal/timers:523:7)
    at async connectDB (C:\Users\GEjr\OneDrive\Desktop\API\src\config\db.js:6:5)
2025-07-04 14:46:47 [[31merror[39m]: JWT Verification Error:
2025-07-04 14:50:06 [[31merror[39m]: JWT Verification Error:
2025-07-04 14:52:41 [[31merror[39m]: JWT Verification Error:
2025-07-04 14:53:44 [[31merror[39m]: JWT Verification Error:
2025-07-04 14:54:47 [[31merror[39m]: JWT Verification Error:
2025-07-04 14:57:43 [[31merror[39m]: JWT Verification Error:
2025-07-04 15:00:55 [[31merror[39m]: JWT Verification Error:
2025-07-04 15:05:39 [[31merror[39m]: CastError: Cast to ObjectId failed for value "<ID_DE_TU_TAREA>" (type string) at path "_id" for model "Task"
    at SchemaObjectId.cast (C:\Users\GEjr\OneDrive\Desktop\API\node_modules\mongoose\lib\schema\objectId.js:251:11)
    at SchemaType.applySetters (C:\Users\GEjr\OneDrive\Desktop\API\node_modules\mongoose\lib\schemaType.js:1255:12)
    at SchemaType.castForQuery (C:\Users\GEjr\OneDrive\Desktop\API\node_modules\mongoose\lib\schemaType.js:1673:17)
    at cast (C:\Users\GEjr\OneDrive\Desktop\API\node_modules\mongoose\lib\cast.js:390:32)
    at Query.cast (C:\Users\GEjr\OneDrive\Desktop\API\node_modules\mongoose\lib\query.js:5055:12)
    at Query._castConditions (C:\Users\GEjr\OneDrive\Desktop\API\node_modules\mongoose\lib\query.js:2351:10)
    at model.Query._findOne (C:\Users\GEjr\OneDrive\Desktop\API\node_modules\mongoose\lib\query.js:2674:8)
    at model.Query.exec (C:\Users\GEjr\OneDrive\Desktop\API\node_modules\mongoose\lib\query.js:4604:80)
    at process.processTicksAndRejections (node:internal/process/task_queues:105:5)
    at async getTaskById (C:\Users\GEjr\OneDrive\Desktop\API\src\controllers\task.controller.js:43:18)
2025-07-04 15:05:39 [[31merror[39m]: CastError: Cast to ObjectId failed for value "<ID_DE_TU_TAREA>" (type string) at path "_id" for model "Task"
    at SchemaObjectId.cast (C:\Users\GEjr\OneDrive\Desktop\API\node_modules\mongoose\lib\schema\objectId.js:251:11)
    at SchemaType.applySetters (C:\Users\GEjr\OneDrive\Desktop\API\node_modules\mongoose\lib\schemaType.js:1255:12)
    at SchemaType.castForQuery (C:\Users\GEjr\OneDrive\Desktop\API\node_modules\mongoose\lib\schemaType.js:1673:17)
    at cast (C:\Users\GEjr\OneDrive\Desktop\API\node_modules\mongoose\lib\cast.js:390:32)
    at Query.cast (C:\Users\GEjr\OneDrive\Desktop\API\node_modules\mongoose\lib\query.js:5055:12)
    at Query._castConditions (C:\Users\GEjr\OneDrive\Desktop\API\node_modules\mongoose\lib\query.js:2351:10)
    at model.Query._findOne (C:\Users\GEjr\OneDrive\Desktop\API\node_modules\mongoose\lib\query.js:2674:8)
    at model.Query.exec (C:\Users\GEjr\OneDrive\Desktop\API\node_modules\mongoose\lib\query.js:4604:80)
    at process.processTicksAndRejections (node:internal/process/task_queues:105:5)
    at async getTaskById (C:\Users\GEjr\OneDrive\Desktop\API\src\controllers\task.controller.js:43:18)
2025-07-04 15:06:08 [[31merror[39m]: CastError: Cast to ObjectId failed for value "<686825c35c4965d0c207795d>" (type string) at path "_id" for model "Task"
    at SchemaObjectId.cast (C:\Users\GEjr\OneDrive\Desktop\API\node_modules\mongoose\lib\schema\objectId.js:251:11)
    at SchemaType.applySetters (C:\Users\GEjr\OneDrive\Desktop\API\node_modules\mongoose\lib\schemaType.js:1255:12)
    at SchemaType.castForQuery (C:\Users\GEjr\OneDrive\Desktop\API\node_modules\mongoose\lib\schemaType.js:1673:17)
    at cast (C:\Users\GEjr\OneDrive\Desktop\API\node_modules\mongoose\lib\cast.js:390:32)
    at Query.cast (C:\Users\GEjr\OneDrive\Desktop\API\node_modules\mongoose\lib\query.js:5055:12)
    at Query._castConditions (C:\Users\GEjr\OneDrive\Desktop\API\node_modules\mongoose\lib\query.js:2351:10)
    at model.Query._findOne (C:\Users\GEjr\OneDrive\Desktop\API\node_modules\mongoose\lib\query.js:2674:8)
    at model.Query.exec (C:\Users\GEjr\OneDrive\Desktop\API\node_modules\mongoose\lib\query.js:4604:80)
    at process.processTicksAndRejections (node:internal/process/task_queues:105:5)
    at async getTaskById (C:\Users\GEjr\OneDrive\Desktop\API\src\controllers\task.controller.js:43:18)
2025-07-04 15:06:08 [[31merror[39m]: CastError: Cast to ObjectId failed for value "<686825c35c4965d0c207795d>" (type string) at path "_id" for model "Task"
    at SchemaObjectId.cast (C:\Users\GEjr\OneDrive\Desktop\API\node_modules\mongoose\lib\schema\objectId.js:251:11)
    at SchemaType.applySetters (C:\Users\GEjr\OneDrive\Desktop\API\node_modules\mongoose\lib\schemaType.js:1255:12)
    at SchemaType.castForQuery (C:\Users\GEjr\OneDrive\Desktop\API\node_modules\mongoose\lib\schemaType.js:1673:17)
    at cast (C:\Users\GEjr\OneDrive\Desktop\API\node_modules\mongoose\lib\cast.js:390:32)
    at Query.cast (C:\Users\GEjr\OneDrive\Desktop\API\node_modules\mongoose\lib\query.js:5055:12)
    at Query._castConditions (C:\Users\GEjr\OneDrive\Desktop\API\node_modules\mongoose\lib\query.js:2351:10)
    at model.Query._findOne (C:\Users\GEjr\OneDrive\Desktop\API\node_modules\mongoose\lib\query.js:2674:8)
    at model.Query.exec (C:\Users\GEjr\OneDrive\Desktop\API\node_modules\mongoose\lib\query.js:4604:80)
    at process.processTicksAndRejections (node:internal/process/task_queues:105:5)
    at async getTaskById (C:\Users\GEjr\OneDrive\Desktop\API\src\controllers\task.controller.js:43:18)
2025-07-04 15:06:16 [[31merror[39m]: CastError: Cast to ObjectId failed for value "<686825c35c4965d0c207795d>" (type string) at path "_id" for model "Task"
    at SchemaObjectId.cast (C:\Users\GEjr\OneDrive\Desktop\API\node_modules\mongoose\lib\schema\objectId.js:251:11)
    at SchemaType.applySetters (C:\Users\GEjr\OneDrive\Desktop\API\node_modules\mongoose\lib\schemaType.js:1255:12)
    at SchemaType.castForQuery (C:\Users\GEjr\OneDrive\Desktop\API\node_modules\mongoose\lib\schemaType.js:1673:17)
    at cast (C:\Users\GEjr\OneDrive\Desktop\API\node_modules\mongoose\lib\cast.js:390:32)
    at Query.cast (C:\Users\GEjr\OneDrive\Desktop\API\node_modules\mongoose\lib\query.js:5055:12)
    at Query._castConditions (C:\Users\GEjr\OneDrive\Desktop\API\node_modules\mongoose\lib\query.js:2351:10)
    at model.Query._findOne (C:\Users\GEjr\OneDrive\Desktop\API\node_modules\mongoose\lib\query.js:2674:8)
    at model.Query.exec (C:\Users\GEjr\OneDrive\Desktop\API\node_modules\mongoose\lib\query.js:4604:80)
    at process.processTicksAndRejections (node:internal/process/task_queues:105:5)
    at async getTaskById (C:\Users\GEjr\OneDrive\Desktop\API\src\controllers\task.controller.js:43:18)
2025-07-04 15:06:16 [[31merror[39m]: CastError: Cast to ObjectId failed for value "<686825c35c4965d0c207795d>" (type string) at path "_id" for model "Task"
    at SchemaObjectId.cast (C:\Users\GEjr\OneDrive\Desktop\API\node_modules\mongoose\lib\schema\objectId.js:251:11)
    at SchemaType.applySetters (C:\Users\GEjr\OneDrive\Desktop\API\node_modules\mongoose\lib\schemaType.js:1255:12)
    at SchemaType.castForQuery (C:\Users\GEjr\OneDrive\Desktop\API\node_modules\mongoose\lib\schemaType.js:1673:17)
    at cast (C:\Users\GEjr\OneDrive\Desktop\API\node_modules\mongoose\lib\cast.js:390:32)
    at Query.cast (C:\Users\GEjr\OneDrive\Desktop\API\node_modules\mongoose\lib\query.js:5055:12)
    at Query._castConditions (C:\Users\GEjr\OneDrive\Desktop\API\node_modules\mongoose\lib\query.js:2351:10)
    at model.Query._findOne (C:\Users\GEjr\OneDrive\Desktop\API\node_modules\mongoose\lib\query.js:2674:8)
    at model.Query.exec (C:\Users\GEjr\OneDrive\Desktop\API\node_modules\mongoose\lib\query.js:4604:80)
    at process.processTicksAndRejections (node:internal/process/task_queues:105:5)
    at async getTaskById (C:\Users\GEjr\OneDrive\Desktop\API\src\controllers\task.controller.js:43:18)
2025-07-05 15:38:52 [[31merror[39m]: TypeError: user.comparePassword is not a function
    at login (C:\Users\GEjr\OneDrive\Desktop\API\src\controllers\auth.controller.js:65:36)
    at process.processTicksAndRejections (node:internal/process/task_queues:105:5)
2025-07-05 15:38:52 [[31merror[39m]: TypeError: user.comparePassword is not a function
    at login (C:\Users\GEjr\OneDrive\Desktop\API\src\controllers\auth.controller.js:65:36)
    at process.processTicksAndRejections (node:internal/process/task_queues:105:5)
2025-07-05 16:08:21 [[31merror[39m]: Error: "expiresIn" should be a number of seconds or string representing a timespan eg: "1d", "20h", 60
    at module.exports [as sign] (C:\Users\GEjr\OneDrive\Desktop\API\node_modules\jsonwebtoken\sign.js:213:22)
    at generateToken (C:\Users\GEjr\OneDrive\Desktop\API\src\config\jwt.js:5:14)
    at generateRefreshToken (C:\Users\GEjr\OneDrive\Desktop\API\src\config\jwt.js:19:37)
    at login (C:\Users\GEjr\OneDrive\Desktop\API\src\controllers\auth.controller.js:72:30)
2025-07-05 16:08:21 [[31merror[39m]: Error: "expiresIn" should be a number of seconds or string representing a timespan eg: "1d", "20h", 60
    at module.exports [as sign] (C:\Users\GEjr\OneDrive\Desktop\API\node_modules\jsonwebtoken\sign.js:213:22)
    at generateToken (C:\Users\GEjr\OneDrive\Desktop\API\src\config\jwt.js:5:14)
    at generateRefreshToken (C:\Users\GEjr\OneDrive\Desktop\API\src\config\jwt.js:19:37)
    at login (C:\Users\GEjr\OneDrive\Desktop\API\src\controllers\auth.controller.js:72:30)
2025-07-05 16:23:37 [[31merror[39m]: JsonWebTokenError: invalid signature
    at C:\Users\GEjr\OneDrive\Desktop\API\node_modules\jsonwebtoken\verify.js:171:19
    at getSecret (C:\Users\GEjr\OneDrive\Desktop\API\node_modules\jsonwebtoken\verify.js:97:14)
    at module.exports [as verify] (C:\Users\GEjr\OneDrive\Desktop\API\node_modules\jsonwebtoken\verify.js:101:10)
    at verifyToken (C:\Users\GEjr\OneDrive\Desktop\API\src\config\jwt.js:15:16)
    at verifyRefreshToken (C:\Users\GEjr\OneDrive\Desktop\API\src\config\jwt.js:24:36)
    at refresh (C:\Users\GEjr\OneDrive\Desktop\API\src\controllers\auth.controller.js:102:25)
    at Layer.handleRequest (C:\Users\GEjr\OneDrive\Desktop\API\node_modules\router\lib\layer.js:152:17)
    at next (C:\Users\GEjr\OneDrive\Desktop\API\node_modules\router\lib\route.js:157:13)
    at Route.dispatch (C:\Users\GEjr\OneDrive\Desktop\API\node_modules\router\lib\route.js:117:3)
    at handle (C:\Users\GEjr\OneDrive\Desktop\API\node_modules\router\index.js:435:11)
2025-07-05 16:24:49 [[31merror[39m]: JsonWebTokenError: invalid signature
    at C:\Users\GEjr\OneDrive\Desktop\API\node_modules\jsonwebtoken\verify.js:171:19
    at getSecret (C:\Users\GEjr\OneDrive\Desktop\API\node_modules\jsonwebtoken\verify.js:97:14)
    at module.exports [as verify] (C:\Users\GEjr\OneDrive\Desktop\API\node_modules\jsonwebtoken\verify.js:101:10)
    at verifyToken (C:\Users\GEjr\OneDrive\Desktop\API\src\config\jwt.js:15:16)
    at verifyRefreshToken (C:\Users\GEjr\OneDrive\Desktop\API\src\config\jwt.js:24:36)
    at refresh (C:\Users\GEjr\OneDrive\Desktop\API\src\controllers\auth.controller.js:102:25)
    at Layer.handleRequest (C:\Users\GEjr\OneDrive\Desktop\API\node_modules\router\lib\layer.js:152:17)
    at next (C:\Users\GEjr\OneDrive\Desktop\API\node_modules\router\lib\route.js:157:13)
    at Route.dispatch (C:\Users\GEjr\OneDrive\Desktop\API\node_modules\router\lib\route.js:117:3)
    at handle (C:\Users\GEjr\OneDrive\Desktop\API\node_modules\router\index.js:435:11)
2025-07-05 16:32:50 [[31merror[39m]: JsonWebTokenError: invalid signature
    at C:\Users\GEjr\OneDrive\Desktop\API\node_modules\jsonwebtoken\verify.js:171:19
    at getSecret (C:\Users\GEjr\OneDrive\Desktop\API\node_modules\jsonwebtoken\verify.js:97:14)
    at module.exports [as verify] (C:\Users\GEjr\OneDrive\Desktop\API\node_modules\jsonwebtoken\verify.js:101:10)
    at verifyToken (C:\Users\GEjr\OneDrive\Desktop\API\src\config\jwt.js:15:16)
    at verifyRefreshToken (C:\Users\GEjr\OneDrive\Desktop\API\src\config\jwt.js:24:36)
    at refresh (C:\Users\GEjr\OneDrive\Desktop\API\src\controllers\auth.controller.js:102:25)
    at Layer.handleRequest (C:\Users\GEjr\OneDrive\Desktop\API\node_modules\router\lib\layer.js:152:17)
    at next (C:\Users\GEjr\OneDrive\Desktop\API\node_modules\router\lib\route.js:157:13)
    at Route.dispatch (C:\Users\GEjr\OneDrive\Desktop\API\node_modules\router\lib\route.js:117:3)
    at handle (C:\Users\GEjr\OneDrive\Desktop\API\node_modules\router\index.js:435:11)
2025-07-05 16:32:50 [[31merror[39m]: JsonWebTokenError: invalid signature
    at C:\Users\GEjr\OneDrive\Desktop\API\node_modules\jsonwebtoken\verify.js:171:19
    at getSecret (C:\Users\GEjr\OneDrive\Desktop\API\node_modules\jsonwebtoken\verify.js:97:14)
    at module.exports [as verify] (C:\Users\GEjr\OneDrive\Desktop\API\node_modules\jsonwebtoken\verify.js:101:10)
    at verifyToken (C:\Users\GEjr\OneDrive\Desktop\API\src\config\jwt.js:15:16)
    at verifyRefreshToken (C:\Users\GEjr\OneDrive\Desktop\API\src\config\jwt.js:24:36)
    at refresh (C:\Users\GEjr\OneDrive\Desktop\API\src\controllers\auth.controller.js:102:25)
    at Layer.handleRequest (C:\Users\GEjr\OneDrive\Desktop\API\node_modules\router\lib\layer.js:152:17)
    at next (C:\Users\GEjr\OneDrive\Desktop\API\node_modules\router\lib\route.js:157:13)
    at Route.dispatch (C:\Users\GEjr\OneDrive\Desktop\API\node_modules\router\lib\route.js:117:3)
    at handle (C:\Users\GEjr\OneDrive\Desktop\API\node_modules\router\index.js:435:11)
2025-07-05 16:37:29 [[31merror[39m]: JsonWebTokenError: invalid signature
    at C:\Users\GEjr\OneDrive\Desktop\API\node_modules\jsonwebtoken\verify.js:171:19
    at getSecret (C:\Users\GEjr\OneDrive\Desktop\API\node_modules\jsonwebtoken\verify.js:97:14)
    at module.exports [as verify] (C:\Users\GEjr\OneDrive\Desktop\API\node_modules\jsonwebtoken\verify.js:101:10)
    at verifyToken (C:\Users\GEjr\OneDrive\Desktop\API\src\config\jwt.js:15:16)
    at verifyRefreshToken (C:\Users\GEjr\OneDrive\Desktop\API\src\config\jwt.js:24:36)
    at refresh (C:\Users\GEjr\OneDrive\Desktop\API\src\controllers\auth.controller.js:102:25)
    at Layer.handleRequest (C:\Users\GEjr\OneDrive\Desktop\API\node_modules\router\lib\layer.js:152:17)
    at next (C:\Users\GEjr\OneDrive\Desktop\API\node_modules\router\lib\route.js:157:13)
    at Route.dispatch (C:\Users\GEjr\OneDrive\Desktop\API\node_modules\router\lib\route.js:117:3)
    at handle (C:\Users\GEjr\OneDrive\Desktop\API\node_modules\router\index.js:435:11)
2025-07-05 16:37:30 [[31merror[39m]: JsonWebTokenError: invalid signature
    at C:\Users\GEjr\OneDrive\Desktop\API\node_modules\jsonwebtoken\verify.js:171:19
    at getSecret (C:\Users\GEjr\OneDrive\Desktop\API\node_modules\jsonwebtoken\verify.js:97:14)
    at module.exports [as verify] (C:\Users\GEjr\OneDrive\Desktop\API\node_modules\jsonwebtoken\verify.js:101:10)
    at verifyToken (C:\Users\GEjr\OneDrive\Desktop\API\src\config\jwt.js:15:16)
    at verifyRefreshToken (C:\Users\GEjr\OneDrive\Desktop\API\src\config\jwt.js:24:36)
    at refresh (C:\Users\GEjr\OneDrive\Desktop\API\src\controllers\auth.controller.js:102:25)
    at Layer.handleRequest (C:\Users\GEjr\OneDrive\Desktop\API\node_modules\router\lib\layer.js:152:17)
    at next (C:\Users\GEjr\OneDrive\Desktop\API\node_modules\router\lib\route.js:157:13)
    at Route.dispatch (C:\Users\GEjr\OneDrive\Desktop\API\node_modules\router\lib\route.js:117:3)
    at handle (C:\Users\GEjr\OneDrive\Desktop\API\node_modules\router\index.js:435:11)
